[debug] [2022-10-26T17:23:01.499Z] ----------------------------------------------------------------------
[debug] [2022-10-26T17:23:01.500Z] Command:       C:\Program Files\nodejs\node.exe C:\Users\AC\AppData\Roaming\npm\node_modules\firebase-tools\lib\bin\firebase.js deploy
[debug] [2022-10-26T17:23:01.501Z] CLI Version:   11.15.0
[debug] [2022-10-26T17:23:01.501Z] Platform:      win32
[debug] [2022-10-26T17:23:01.501Z] Node Version:  v16.15.1
[debug] [2022-10-26T17:23:01.508Z] Time:          Wed Oct 26 2022 23:23:01 GMT+0600 (Bangladesh Standard Time)
[debug] [2022-10-26T17:23:01.508Z] ----------------------------------------------------------------------
[debug] 
[debug] [2022-10-26T17:23:01.577Z] > command requires scopes: ["email","openid","https://www.googleapis.com/auth/cloudplatformprojects.readonly","https://www.googleapis.com/auth/firebase","https://www.googleapis.com/auth/cloud-platform"]
[debug] [2022-10-26T17:23:01.577Z] > authorizing via signed-in user (smzubayer9004@gmail.com)
[debug] [2022-10-26T17:23:01.577Z] [iam] checking project study-zone-platform for permissions ["firebase.projects.get","firebasehosting.sites.update"]
[debug] [2022-10-26T17:23:01.579Z] >>> [apiv2][query] POST https://cloudresourcemanager.googleapis.com/v1/projects/study-zone-platform:testIamPermissions [none]
[debug] [2022-10-26T17:23:01.580Z] >>> [apiv2][(partial)header] POST https://cloudresourcemanager.googleapis.com/v1/projects/study-zone-platform:testIamPermissions x-goog-quota-user=projects/study-zone-platform
[debug] [2022-10-26T17:23:01.580Z] >>> [apiv2][body] POST https://cloudresourcemanager.googleapis.com/v1/projects/study-zone-platform:testIamPermissions {"permissions":["firebase.projects.get","firebasehosting.sites.update"]}
[debug] [2022-10-26T17:23:02.207Z] <<< [apiv2][status] POST https://cloudresourcemanager.googleapis.com/v1/projects/study-zone-platform:testIamPermissions 200
[debug] [2022-10-26T17:23:02.207Z] <<< [apiv2][body] POST https://cloudresourcemanager.googleapis.com/v1/projects/study-zone-platform:testIamPermissions {"permissions":["firebase.projects.get","firebasehosting.sites.update"]}
[debug] [2022-10-26T17:23:02.208Z] >>> [apiv2][query] GET https://firebase.googleapis.com/v1beta1/projects/study-zone-platform [none]
[debug] [2022-10-26T17:23:02.750Z] <<< [apiv2][status] GET https://firebase.googleapis.com/v1beta1/projects/study-zone-platform 200
[debug] [2022-10-26T17:23:02.750Z] <<< [apiv2][body] GET https://firebase.googleapis.com/v1beta1/projects/study-zone-platform {"projectId":"study-zone-platform","projectNumber":"1095594648219","displayName":"study-zone-platform","name":"projects/study-zone-platform","resources":{"hostingSite":"study-zone-platform"},"state":"ACTIVE","etag":"1_e292f6de-a48d-455f-9d96-a7a7f6137380"}
[info] 
[info] === Deploying to 'study-zone-platform'...
[info] 
[info] i  deploying hosting 
[debug] [2022-10-26T17:23:02.762Z] >>> [apiv2][query] POST https://firebasehosting.googleapis.com/v1beta1/projects/-/sites/study-zone-platform/versions [none]
[debug] [2022-10-26T17:23:02.762Z] >>> [apiv2][body] POST https://firebasehosting.googleapis.com/v1beta1/projects/-/sites/study-zone-platform/versions {"status":"CREATED","labels":{"deployment-tool":"cli-firebase"}}
[debug] [2022-10-26T17:23:04.882Z] <<< [apiv2][status] POST https://firebasehosting.googleapis.com/v1beta1/projects/-/sites/study-zone-platform/versions 200
[debug] [2022-10-26T17:23:04.882Z] <<< [apiv2][body] POST https://firebasehosting.googleapis.com/v1beta1/projects/-/sites/study-zone-platform/versions {"name":"projects/1095594648219/sites/study-zone-platform/versions/b4dd4d5d60a6ab86","status":"CREATED","config":{},"labels":{"deployment-tool":"cli-firebase"}}
[info] i  hosting[study-zone-platform]: beginning deploy... 
[info] i  hosting[study-zone-platform]: found 17 files in build 
[debug] [2022-10-26T17:23:04.895Z] [hosting] uploading with 200 concurrency
[debug] [2022-10-26T17:23:04.896Z] [hosting] hash cache [YnVpbGQ] not populated
[debug] [2022-10-26T17:23:05.086Z] [hosting] hash cache [YnVpbGQ] stored for 17 files
[debug] [2022-10-26T17:23:05.086Z] [hosting][hash queue][FINAL] {"max":183,"min":20,"avg":32.64705882352941,"active":0,"complete":17,"success":17,"errored":0,"retried":0,"total":17,"elapsed":189}
[debug] [2022-10-26T17:23:05.087Z] >>> [apiv2][query] POST https://firebasehosting.googleapis.com/v1beta1/projects/1095594648219/sites/study-zone-platform/versions/b4dd4d5d60a6ab86:populateFiles [none]
[debug] [2022-10-26T17:23:05.087Z] >>> [apiv2][body] POST https://firebasehosting.googleapis.com/v1beta1/projects/1095594648219/sites/study-zone-platform/versions/b4dd4d5d60a6ab86:populateFiles {"files":{"/asset-manifest.json":"eff877654e7db5509df3a6d63c6c25922f86965a9266a3a1f88fa66ec47239e6","/index.html":"4f8b1109517232e928e53ef90ba183d78e116a2582bd8634af3e067b64535a6e","/favico1.ico":"eae62e993eb980ec8a25058c39d5a51feab118bd2100c4deebb2a9c158ec11f9","/logo192.png":"3ee59515172ee198f3be375979df15ac5345183e656720a381b8872b2a39dc8b","/manifest.json":"aff3449bdc238776f5d6d967f19ec491b36aed5fb7f23ccff6500736fd58494a","/logo512.png":"ee7e2f3fdb8209c4b6fd7bef6ba50d1b9dba30a25bb5c3126df057e1cb6f5331","/robots.txt":"bfe106a3fb878dc83461c86818bf74fc1bdc7f28538ba613cd3e775516ce8b49","/static/js/787.260aa982.chunk.js":"b620e690b6ae4618dca1003c1476d6a7b550c49080bf37b3bd15a9f860b4a220","/static/js/main.6bccffde.js.LICENSE.txt":"f3d94de3dd868a790f5618fd9dc106f2ab2e45151a76a6b2090f0a9c6820c134","/static/js/787.260aa982.chunk.js.map":"f0af9d7a9ed3b2bea458c5b0ca8824e8c7b19016de2c5b9bdb607ff78d2e15ac","/static/css/main.edc1722e.css.map":"aa87ca34c640179a2647f494480b29dd415a6a054eac369e246023a30ea91547","/static/media/logIn.babd6477cdb2d8e66248.jpg":"4ba0870035d12b3a984d124d8a0920315a964b5a08d779f77282fe353e934046","/static/css/main.edc1722e.css":"9b8d9b3212633bf0a8030a8d5657bb32dc0bf2d1b2a060b15d93615dc60cf9d8","/favicon.ico":"efa7262e3b3e14d8bccf8a44cce357308cbbee58cff6733b4c00bf6ede388dbd","/static/media/company_logo.31e66724c3888720a230.ico":"efa7262e3b3e14d8bccf8a44cce357308cbbee58cff6733b4c00bf6ede388dbd","/static/js/main.6bccffde.js":"a3d20678bc34d71e317f0a9b3eb3dc1e9dc397b72f6a60b4c2667c3fe8797411","/static/js/main.6bccffde.js.map":"0cecdcb8d6d98a0faf26bc9eba6209bf259ba58c72f45078671527cf24577a32"}}
[debug] [2022-10-26T17:23:06.300Z] <<< [apiv2][status] POST https://firebasehosting.googleapis.com/v1beta1/projects/1095594648219/sites/study-zone-platform/versions/b4dd4d5d60a6ab86:populateFiles 200
[debug] [2022-10-26T17:23:06.300Z] <<< [apiv2][body] POST https://firebasehosting.googleapis.com/v1beta1/projects/1095594648219/sites/study-zone-platform/versions/b4dd4d5d60a6ab86:populateFiles {"uploadRequiredHashes":["efa7262e3b3e14d8bccf8a44cce357308cbbee58cff6733b4c00bf6ede388dbd","4ba0870035d12b3a984d124d8a0920315a964b5a08d779f77282fe353e934046","0cecdcb8d6d98a0faf26bc9eba6209bf259ba58c72f45078671527cf24577a32","aff3449bdc238776f5d6d967f19ec491b36aed5fb7f23ccff6500736fd58494a","b620e690b6ae4618dca1003c1476d6a7b550c49080bf37b3bd15a9f860b4a220","ee7e2f3fdb8209c4b6fd7bef6ba50d1b9dba30a25bb5c3126df057e1cb6f5331","eae62e993eb980ec8a25058c39d5a51feab118bd2100c4deebb2a9c158ec11f9","4f8b1109517232e928e53ef90ba183d78e116a2582bd8634af3e067b64535a6e","bfe106a3fb878dc83461c86818bf74fc1bdc7f28538ba613cd3e775516ce8b49","9b8d9b3212633bf0a8030a8d5657bb32dc0bf2d1b2a060b15d93615dc60cf9d8","eff877654e7db5509df3a6d63c6c25922f86965a9266a3a1f88fa66ec47239e6","a3d20678bc34d71e317f0a9b3eb3dc1e9dc397b72f6a60b4c2667c3fe8797411","f3d94de3dd868a790f5618fd9dc106f2ab2e45151a76a6b2090f0a9c6820c134","3ee59515172ee198f3be375979df15ac5345183e656720a381b8872b2a39dc8b","f0af9d7a9ed3b2bea458c5b0ca8824e8c7b19016de2c5b9bdb607ff78d2e15ac","aa87ca34c640179a2647f494480b29dd415a6a054eac369e246023a30ea91547"],"uploadUrl":"https://upload-firebasehosting.googleapis.com/upload/sites/study-zone-platform/versions/b4dd4d5d60a6ab86/files"}
[debug] [2022-10-26T17:23:06.302Z] >>> [apiv2][query] POST https://upload-firebasehosting.googleapis.com/upload/sites/study-zone-platform/versions/b4dd4d5d60a6ab86/files/efa7262e3b3e14d8bccf8a44cce357308cbbee58cff6733b4c00bf6ede388dbd [none]
[debug] [2022-10-26T17:23:06.303Z] >>> [apiv2][body] POST https://upload-firebasehosting.googleapis.com/upload/sites/study-zone-platform/versions/b4dd4d5d60a6ab86/files/efa7262e3b3e14d8bccf8a44cce357308cbbee58cff6733b4c00bf6ede388dbd [stream]
[debug] [2022-10-26T17:23:06.304Z] >>> [apiv2][query] POST https://upload-firebasehosting.googleapis.com/upload/sites/study-zone-platform/versions/b4dd4d5d60a6ab86/files/4ba0870035d12b3a984d124d8a0920315a964b5a08d779f77282fe353e934046 [none]
[debug] [2022-10-26T17:23:06.304Z] >>> [apiv2][body] POST https://upload-firebasehosting.googleapis.com/upload/sites/study-zone-platform/versions/b4dd4d5d60a6ab86/files/4ba0870035d12b3a984d124d8a0920315a964b5a08d779f77282fe353e934046 [stream]
[debug] [2022-10-26T17:23:06.305Z] >>> [apiv2][query] POST https://upload-firebasehosting.googleapis.com/upload/sites/study-zone-platform/versions/b4dd4d5d60a6ab86/files/0cecdcb8d6d98a0faf26bc9eba6209bf259ba58c72f45078671527cf24577a32 [none]
[debug] [2022-10-26T17:23:06.305Z] >>> [apiv2][body] POST https://upload-firebasehosting.googleapis.com/upload/sites/study-zone-platform/versions/b4dd4d5d60a6ab86/files/0cecdcb8d6d98a0faf26bc9eba6209bf259ba58c72f45078671527cf24577a32 [stream]
[debug] [2022-10-26T17:23:06.306Z] >>> [apiv2][query] POST https://upload-firebasehosting.googleapis.com/upload/sites/study-zone-platform/versions/b4dd4d5d60a6ab86/files/aff3449bdc238776f5d6d967f19ec491b36aed5fb7f23ccff6500736fd58494a [none]
[debug] [2022-10-26T17:23:06.306Z] >>> [apiv2][body] POST https://upload-firebasehosting.googleapis.com/upload/sites/study-zone-platform/versions/b4dd4d5d60a6ab86/files/aff3449bdc238776f5d6d967f19ec491b36aed5fb7f23ccff6500736fd58494a [stream]
[debug] [2022-10-26T17:23:06.307Z] >>> [apiv2][query] POST https://upload-firebasehosting.googleapis.com/upload/sites/study-zone-platform/versions/b4dd4d5d60a6ab86/files/b620e690b6ae4618dca1003c1476d6a7b550c49080bf37b3bd15a9f860b4a220 [none]
[debug] [2022-10-26T17:23:06.307Z] >>> [apiv2][body] POST https://upload-firebasehosting.googleapis.com/upload/sites/study-zone-platform/versions/b4dd4d5d60a6ab86/files/b620e690b6ae4618dca1003c1476d6a7b550c49080bf37b3bd15a9f860b4a220 [stream]
[debug] [2022-10-26T17:23:06.308Z] >>> [apiv2][query] POST https://upload-firebasehosting.googleapis.com/upload/sites/study-zone-platform/versions/b4dd4d5d60a6ab86/files/ee7e2f3fdb8209c4b6fd7bef6ba50d1b9dba30a25bb5c3126df057e1cb6f5331 [none]
[debug] [2022-10-26T17:23:06.308Z] >>> [apiv2][body] POST https://upload-firebasehosting.googleapis.com/upload/sites/study-zone-platform/versions/b4dd4d5d60a6ab86/files/ee7e2f3fdb8209c4b6fd7bef6ba50d1b9dba30a25bb5c3126df057e1cb6f5331 [stream]
[debug] [2022-10-26T17:23:06.309Z] >>> [apiv2][query] POST https://upload-firebasehosting.googleapis.com/upload/sites/study-zone-platform/versions/b4dd4d5d60a6ab86/files/eae62e993eb980ec8a25058c39d5a51feab118bd2100c4deebb2a9c158ec11f9 [none]
[debug] [2022-10-26T17:23:06.309Z] >>> [apiv2][body] POST https://upload-firebasehosting.googleapis.com/upload/sites/study-zone-platform/versions/b4dd4d5d60a6ab86/files/eae62e993eb980ec8a25058c39d5a51feab118bd2100c4deebb2a9c158ec11f9 [stream]
[debug] [2022-10-26T17:23:06.310Z] >>> [apiv2][query] POST https://upload-firebasehosting.googleapis.com/upload/sites/study-zone-platform/versions/b4dd4d5d60a6ab86/files/4f8b1109517232e928e53ef90ba183d78e116a2582bd8634af3e067b64535a6e [none]
[debug] [2022-10-26T17:23:06.310Z] >>> [apiv2][body] POST https://upload-firebasehosting.googleapis.com/upload/sites/study-zone-platform/versions/b4dd4d5d60a6ab86/files/4f8b1109517232e928e53ef90ba183d78e116a2582bd8634af3e067b64535a6e [stream]
[debug] [2022-10-26T17:23:06.310Z] >>> [apiv2][query] POST https://upload-firebasehosting.googleapis.com/upload/sites/study-zone-platform/versions/b4dd4d5d60a6ab86/files/bfe106a3fb878dc83461c86818bf74fc1bdc7f28538ba613cd3e775516ce8b49 [none]
[debug] [2022-10-26T17:23:06.311Z] >>> [apiv2][body] POST https://upload-firebasehosting.googleapis.com/upload/sites/study-zone-platform/versions/b4dd4d5d60a6ab86/files/bfe106a3fb878dc83461c86818bf74fc1bdc7f28538ba613cd3e775516ce8b49 [stream]
[debug] [2022-10-26T17:23:06.311Z] >>> [apiv2][query] POST https://upload-firebasehosting.googleapis.com/upload/sites/study-zone-platform/versions/b4dd4d5d60a6ab86/files/9b8d9b3212633bf0a8030a8d5657bb32dc0bf2d1b2a060b15d93615dc60cf9d8 [none]
[debug] [2022-10-26T17:23:06.311Z] >>> [apiv2][body] POST https://upload-firebasehosting.googleapis.com/upload/sites/study-zone-platform/versions/b4dd4d5d60a6ab86/files/9b8d9b3212633bf0a8030a8d5657bb32dc0bf2d1b2a060b15d93615dc60cf9d8 [stream]
[debug] [2022-10-26T17:23:06.312Z] >>> [apiv2][query] POST https://upload-firebasehosting.googleapis.com/upload/sites/study-zone-platform/versions/b4dd4d5d60a6ab86/files/eff877654e7db5509df3a6d63c6c25922f86965a9266a3a1f88fa66ec47239e6 [none]
[debug] [2022-10-26T17:23:06.313Z] >>> [apiv2][body] POST https://upload-firebasehosting.googleapis.com/upload/sites/study-zone-platform/versions/b4dd4d5d60a6ab86/files/eff877654e7db5509df3a6d63c6c25922f86965a9266a3a1f88fa66ec47239e6 [stream]
[debug] [2022-10-26T17:23:06.313Z] >>> [apiv2][query] POST https://upload-firebasehosting.googleapis.com/upload/sites/study-zone-platform/versions/b4dd4d5d60a6ab86/files/a3d20678bc34d71e317f0a9b3eb3dc1e9dc397b72f6a60b4c2667c3fe8797411 [none]
[debug] [2022-10-26T17:23:06.314Z] >>> [apiv2][body] POST https://upload-firebasehosting.googleapis.com/upload/sites/study-zone-platform/versions/b4dd4d5d60a6ab86/files/a3d20678bc34d71e317f0a9b3eb3dc1e9dc397b72f6a60b4c2667c3fe8797411 [stream]
[debug] [2022-10-26T17:23:06.314Z] >>> [apiv2][query] POST https://upload-firebasehosting.googleapis.com/upload/sites/study-zone-platform/versions/b4dd4d5d60a6ab86/files/f3d94de3dd868a790f5618fd9dc106f2ab2e45151a76a6b2090f0a9c6820c134 [none]
[debug] [2022-10-26T17:23:06.314Z] >>> [apiv2][body] POST https://upload-firebasehosting.googleapis.com/upload/sites/study-zone-platform/versions/b4dd4d5d60a6ab86/files/f3d94de3dd868a790f5618fd9dc106f2ab2e45151a76a6b2090f0a9c6820c134 [stream]
[debug] [2022-10-26T17:23:06.315Z] >>> [apiv2][query] POST https://upload-firebasehosting.googleapis.com/upload/sites/study-zone-platform/versions/b4dd4d5d60a6ab86/files/3ee59515172ee198f3be375979df15ac5345183e656720a381b8872b2a39dc8b [none]
[debug] [2022-10-26T17:23:06.315Z] >>> [apiv2][body] POST https://upload-firebasehosting.googleapis.com/upload/sites/study-zone-platform/versions/b4dd4d5d60a6ab86/files/3ee59515172ee198f3be375979df15ac5345183e656720a381b8872b2a39dc8b [stream]
[debug] [2022-10-26T17:23:06.315Z] >>> [apiv2][query] POST https://upload-firebasehosting.googleapis.com/upload/sites/study-zone-platform/versions/b4dd4d5d60a6ab86/files/f0af9d7a9ed3b2bea458c5b0ca8824e8c7b19016de2c5b9bdb607ff78d2e15ac [none]
[debug] [2022-10-26T17:23:06.316Z] >>> [apiv2][body] POST https://upload-firebasehosting.googleapis.com/upload/sites/study-zone-platform/versions/b4dd4d5d60a6ab86/files/f0af9d7a9ed3b2bea458c5b0ca8824e8c7b19016de2c5b9bdb607ff78d2e15ac [stream]
[debug] [2022-10-26T17:23:06.318Z] >>> [apiv2][query] POST https://upload-firebasehosting.googleapis.com/upload/sites/study-zone-platform/versions/b4dd4d5d60a6ab86/files/aa87ca34c640179a2647f494480b29dd415a6a054eac369e246023a30ea91547 [none]
[debug] [2022-10-26T17:23:06.318Z] >>> [apiv2][body] POST https://upload-firebasehosting.googleapis.com/upload/sites/study-zone-platform/versions/b4dd4d5d60a6ab86/files/aa87ca34c640179a2647f494480b29dd415a6a054eac369e246023a30ea91547 [stream]
[debug] [2022-10-26T17:23:06.319Z] [hosting][populate queue][FINAL] {"max":1218,"min":1218,"avg":1218,"active":0,"complete":1,"success":1,"errored":0,"retried":0,"total":1,"elapsed":1235}
[debug] [2022-10-26T17:23:06.320Z] [hosting] uploads queued: 16
[debug] [2022-10-26T17:23:08.021Z] <<< [apiv2][status] POST https://upload-firebasehosting.googleapis.com/upload/sites/study-zone-platform/versions/b4dd4d5d60a6ab86/files/3ee59515172ee198f3be375979df15ac5345183e656720a381b8872b2a39dc8b 200
[debug] [2022-10-26T17:23:08.021Z] <<< [apiv2][body] POST https://upload-firebasehosting.googleapis.com/upload/sites/study-zone-platform/versions/b4dd4d5d60a6ab86/files/3ee59515172ee198f3be375979df15ac5345183e656720a381b8872b2a39dc8b [stream]
[debug] [2022-10-26T17:23:08.081Z] <<< [apiv2][status] POST https://upload-firebasehosting.googleapis.com/upload/sites/study-zone-platform/versions/b4dd4d5d60a6ab86/files/bfe106a3fb878dc83461c86818bf74fc1bdc7f28538ba613cd3e775516ce8b49 200
[debug] [2022-10-26T17:23:08.081Z] <<< [apiv2][body] POST https://upload-firebasehosting.googleapis.com/upload/sites/study-zone-platform/versions/b4dd4d5d60a6ab86/files/bfe106a3fb878dc83461c86818bf74fc1bdc7f28538ba613cd3e775516ce8b49 [stream]
[debug] [2022-10-26T17:23:08.257Z] <<< [apiv2][status] POST https://upload-firebasehosting.googleapis.com/upload/sites/study-zone-platform/versions/b4dd4d5d60a6ab86/files/f0af9d7a9ed3b2bea458c5b0ca8824e8c7b19016de2c5b9bdb607ff78d2e15ac 200
[debug] [2022-10-26T17:23:08.257Z] <<< [apiv2][body] POST https://upload-firebasehosting.googleapis.com/upload/sites/study-zone-platform/versions/b4dd4d5d60a6ab86/files/f0af9d7a9ed3b2bea458c5b0ca8824e8c7b19016de2c5b9bdb607ff78d2e15ac [stream]
[debug] [2022-10-26T17:23:08.672Z] <<< [apiv2][status] POST https://upload-firebasehosting.googleapis.com/upload/sites/study-zone-platform/versions/b4dd4d5d60a6ab86/files/f3d94de3dd868a790f5618fd9dc106f2ab2e45151a76a6b2090f0a9c6820c134 200
[debug] [2022-10-26T17:23:08.672Z] <<< [apiv2][body] POST https://upload-firebasehosting.googleapis.com/upload/sites/study-zone-platform/versions/b4dd4d5d60a6ab86/files/f3d94de3dd868a790f5618fd9dc106f2ab2e45151a76a6b2090f0a9c6820c134 [stream]
[debug] [2022-10-26T17:23:08.681Z] <<< [apiv2][status] POST https://upload-firebasehosting.googleapis.com/upload/sites/study-zone-platform/versions/b4dd4d5d60a6ab86/files/aff3449bdc238776f5d6d967f19ec491b36aed5fb7f23ccff6500736fd58494a 200
[debug] [2022-10-26T17:23:08.681Z] <<< [apiv2][body] POST https://upload-firebasehosting.googleapis.com/upload/sites/study-zone-platform/versions/b4dd4d5d60a6ab86/files/aff3449bdc238776f5d6d967f19ec491b36aed5fb7f23ccff6500736fd58494a [stream]
[debug] [2022-10-26T17:23:08.705Z] <<< [apiv2][status] POST https://upload-firebasehosting.googleapis.com/upload/sites/study-zone-platform/versions/b4dd4d5d60a6ab86/files/eff877654e7db5509df3a6d63c6c25922f86965a9266a3a1f88fa66ec47239e6 200
[debug] [2022-10-26T17:23:08.705Z] <<< [apiv2][body] POST https://upload-firebasehosting.googleapis.com/upload/sites/study-zone-platform/versions/b4dd4d5d60a6ab86/files/eff877654e7db5509df3a6d63c6c25922f86965a9266a3a1f88fa66ec47239e6 [stream]
[debug] [2022-10-26T17:23:08.936Z] <<< [apiv2][status] POST https://upload-firebasehosting.googleapis.com/upload/sites/study-zone-platform/versions/b4dd4d5d60a6ab86/files/aa87ca34c640179a2647f494480b29dd415a6a054eac369e246023a30ea91547 200
[debug] [2022-10-26T17:23:08.936Z] <<< [apiv2][body] POST https://upload-firebasehosting.googleapis.com/upload/sites/study-zone-platform/versions/b4dd4d5d60a6ab86/files/aa87ca34c640179a2647f494480b29dd415a6a054eac369e246023a30ea91547 [stream]
[debug] [2022-10-26T17:23:09.187Z] <<< [apiv2][status] POST https://upload-firebasehosting.googleapis.com/upload/sites/study-zone-platform/versions/b4dd4d5d60a6ab86/files/4ba0870035d12b3a984d124d8a0920315a964b5a08d779f77282fe353e934046 200
[debug] [2022-10-26T17:23:09.188Z] <<< [apiv2][body] POST https://upload-firebasehosting.googleapis.com/upload/sites/study-zone-platform/versions/b4dd4d5d60a6ab86/files/4ba0870035d12b3a984d124d8a0920315a964b5a08d779f77282fe353e934046 [stream]
[debug] [2022-10-26T17:23:09.267Z] <<< [apiv2][status] POST https://upload-firebasehosting.googleapis.com/upload/sites/study-zone-platform/versions/b4dd4d5d60a6ab86/files/eae62e993eb980ec8a25058c39d5a51feab118bd2100c4deebb2a9c158ec11f9 200
[debug] [2022-10-26T17:23:09.268Z] <<< [apiv2][body] POST https://upload-firebasehosting.googleapis.com/upload/sites/study-zone-platform/versions/b4dd4d5d60a6ab86/files/eae62e993eb980ec8a25058c39d5a51feab118bd2100c4deebb2a9c158ec11f9 [stream]
[debug] [2022-10-26T17:23:09.396Z] <<< [apiv2][status] POST https://upload-firebasehosting.googleapis.com/upload/sites/study-zone-platform/versions/b4dd4d5d60a6ab86/files/4f8b1109517232e928e53ef90ba183d78e116a2582bd8634af3e067b64535a6e 200
[debug] [2022-10-26T17:23:09.396Z] <<< [apiv2][body] POST https://upload-firebasehosting.googleapis.com/upload/sites/study-zone-platform/versions/b4dd4d5d60a6ab86/files/4f8b1109517232e928e53ef90ba183d78e116a2582bd8634af3e067b64535a6e [stream]
[debug] [2022-10-26T17:23:09.437Z] <<< [apiv2][status] POST https://upload-firebasehosting.googleapis.com/upload/sites/study-zone-platform/versions/b4dd4d5d60a6ab86/files/0cecdcb8d6d98a0faf26bc9eba6209bf259ba58c72f45078671527cf24577a32 200
[debug] [2022-10-26T17:23:09.438Z] <<< [apiv2][body] POST https://upload-firebasehosting.googleapis.com/upload/sites/study-zone-platform/versions/b4dd4d5d60a6ab86/files/0cecdcb8d6d98a0faf26bc9eba6209bf259ba58c72f45078671527cf24577a32 [stream]
[debug] [2022-10-26T17:23:09.438Z] <<< [apiv2][status] POST https://upload-firebasehosting.googleapis.com/upload/sites/study-zone-platform/versions/b4dd4d5d60a6ab86/files/b620e690b6ae4618dca1003c1476d6a7b550c49080bf37b3bd15a9f860b4a220 200
[debug] [2022-10-26T17:23:09.438Z] <<< [apiv2][body] POST https://upload-firebasehosting.googleapis.com/upload/sites/study-zone-platform/versions/b4dd4d5d60a6ab86/files/b620e690b6ae4618dca1003c1476d6a7b550c49080bf37b3bd15a9f860b4a220 [stream]
[debug] [2022-10-26T17:23:09.496Z] <<< [apiv2][status] POST https://upload-firebasehosting.googleapis.com/upload/sites/study-zone-platform/versions/b4dd4d5d60a6ab86/files/ee7e2f3fdb8209c4b6fd7bef6ba50d1b9dba30a25bb5c3126df057e1cb6f5331 200
[debug] [2022-10-26T17:23:09.497Z] <<< [apiv2][body] POST https://upload-firebasehosting.googleapis.com/upload/sites/study-zone-platform/versions/b4dd4d5d60a6ab86/files/ee7e2f3fdb8209c4b6fd7bef6ba50d1b9dba30a25bb5c3126df057e1cb6f5331 [stream]
[debug] [2022-10-26T17:23:10.177Z] <<< [apiv2][status] POST https://upload-firebasehosting.googleapis.com/upload/sites/study-zone-platform/versions/b4dd4d5d60a6ab86/files/efa7262e3b3e14d8bccf8a44cce357308cbbee58cff6733b4c00bf6ede388dbd 200
[debug] [2022-10-26T17:23:10.177Z] <<< [apiv2][body] POST https://upload-firebasehosting.googleapis.com/upload/sites/study-zone-platform/versions/b4dd4d5d60a6ab86/files/efa7262e3b3e14d8bccf8a44cce357308cbbee58cff6733b4c00bf6ede388dbd [stream]
[debug] [2022-10-26T17:23:10.562Z] <<< [apiv2][status] POST https://upload-firebasehosting.googleapis.com/upload/sites/study-zone-platform/versions/b4dd4d5d60a6ab86/files/a3d20678bc34d71e317f0a9b3eb3dc1e9dc397b72f6a60b4c2667c3fe8797411 200
[debug] [2022-10-26T17:23:10.562Z] <<< [apiv2][body] POST https://upload-firebasehosting.googleapis.com/upload/sites/study-zone-platform/versions/b4dd4d5d60a6ab86/files/a3d20678bc34d71e317f0a9b3eb3dc1e9dc397b72f6a60b4c2667c3fe8797411 [stream]
[debug] [2022-10-26T17:23:10.810Z] <<< [apiv2][status] POST https://upload-firebasehosting.googleapis.com/upload/sites/study-zone-platform/versions/b4dd4d5d60a6ab86/files/9b8d9b3212633bf0a8030a8d5657bb32dc0bf2d1b2a060b15d93615dc60cf9d8 200
[debug] [2022-10-26T17:23:10.810Z] <<< [apiv2][body] POST https://upload-firebasehosting.googleapis.com/upload/sites/study-zone-platform/versions/b4dd4d5d60a6ab86/files/9b8d9b3212633bf0a8030a8d5657bb32dc0bf2d1b2a060b15d93615dc60cf9d8 [stream]
[debug] [2022-10-26T17:23:10.810Z] [hosting][upload queue][FINAL] {"max":4509,"min":1720,"avg":2894.4375,"active":0,"complete":16,"success":16,"errored":0,"retried":0,"total":16,"elapsed":4510}
[info] +  hosting[study-zone-platform]: file upload complete 
[debug] [2022-10-26T17:23:10.811Z] [hosting] deploy completed after 5928ms
[debug] [2022-10-26T17:23:10.815Z] [
  {
    "config": {
      "public": "build",
      "ignore": [
        "firebase.json",
        "**/.*",
        "**/node_modules/**"
      ],
      "rewrites": [
        {
          "source": "**",
          "destination": "/index.html"
        }
      ],
      "site": "study-zone-platform"
    },
    "version": "projects/1095594648219/sites/study-zone-platform/versions/b4dd4d5d60a6ab86"
  }
]
[info] i  hosting[study-zone-platform]: finalizing version... 
[debug] [2022-10-26T17:23:10.818Z] >>> [apiv2][query] PATCH https://firebasehosting.googleapis.com/v1beta1/projects/-/sites/study-zone-platform/versions/b4dd4d5d60a6ab86 updateMask=status%2Cconfig
[debug] [2022-10-26T17:23:10.818Z] >>> [apiv2][body] PATCH https://firebasehosting.googleapis.com/v1beta1/projects/-/sites/study-zone-platform/versions/b4dd4d5d60a6ab86 {"status":"FINALIZED","config":{"rewrites":[{"glob":"**","path":"/index.html"}]}}
[debug] [2022-10-26T17:23:12.147Z] <<< [apiv2][status] PATCH https://firebasehosting.googleapis.com/v1beta1/projects/-/sites/study-zone-platform/versions/b4dd4d5d60a6ab86 200
[debug] [2022-10-26T17:23:12.147Z] <<< [apiv2][body] PATCH https://firebasehosting.googleapis.com/v1beta1/projects/-/sites/study-zone-platform/versions/b4dd4d5d60a6ab86 {"name":"projects/1095594648219/sites/study-zone-platform/versions/b4dd4d5d60a6ab86","status":"FINALIZED","config":{"rewrites":[{"glob":"**","path":"/index.html"}]},"labels":{"deployment-tool":"cli-firebase"},"createTime":"2022-10-26T17:23:04.144924Z","createUser":{"email":"smzubayer9004@gmail.com"},"finalizeTime":"2022-10-26T17:23:12.301633Z","finalizeUser":{"email":"smzubayer9004@gmail.com"}}
[debug] [2022-10-26T17:23:12.147Z] [hosting] finalized version for study-zone-platform:[object Object]
[info] +  hosting[study-zone-platform]: version finalized 
[info] i  hosting[study-zone-platform]: releasing new version... 
[debug] [2022-10-26T17:23:12.150Z] >>> [apiv2][query] POST https://firebasehosting.googleapis.com/v1beta1/projects/-/sites/study-zone-platform/channels/live/releases versionName=projects%2F1095594648219%2Fsites%2Fstudy-zone-platform%2Fversions%2Fb4dd4d5d60a6ab86
[debug] [2022-10-26T17:23:12.150Z] >>> [apiv2][body] POST https://firebasehosting.googleapis.com/v1beta1/projects/-/sites/study-zone-platform/channels/live/releases {}
[debug] [2022-10-26T17:23:13.416Z] <<< [apiv2][status] POST https://firebasehosting.googleapis.com/v1beta1/projects/-/sites/study-zone-platform/channels/live/releases 200
[debug] [2022-10-26T17:23:13.416Z] <<< [apiv2][body] POST https://firebasehosting.googleapis.com/v1beta1/projects/-/sites/study-zone-platform/channels/live/releases {"name":"projects/1095594648219/sites/study-zone-platform/channels/live/releases/1666804992857773","version":{"name":"projects/1095594648219/sites/study-zone-platform/versions/b4dd4d5d60a6ab86","status":"FINALIZED","config":{"rewrites":[{"glob":"**","path":"/index.html"}]},"labels":{"deployment-tool":"cli-firebase"},"createTime":"2022-10-26T17:23:04.144924Z","createUser":{"email":"smzubayer9004@gmail.com","imageUrl":"https://lh3.googleusercontent.com/a/ALm5wu1_yRGovSGYSc56zpCNatf7BPCTaapHaqSGkk5p=mo"},"finalizeTime":"2022-10-26T17:23:12.301633Z","finalizeUser":{"email":"smzubayer9004@gmail.com","imageUrl":"https://lh3.googleusercontent.com/a/ALm5wu1_yRGovSGYSc56zpCNatf7BPCTaapHaqSGkk5p=mo"}},"type":"DEPLOY","releaseTime":"2022-10-26T17:23:12.857773736Z","releaseUser":{"email":"smzubayer9004@gmail.com","imageUrl":"https://lh3.googleusercontent.com/a/ALm5wu1_yRGovSGYSc56zpCNatf7BPCTaapHaqSGkk5p=mo"}}
[debug] [2022-10-26T17:23:13.416Z] [hosting] release: {"name":"projects/1095594648219/sites/study-zone-platform/channels/live/releases/1666804992857773","version":{"name":"projects/1095594648219/sites/study-zone-platform/versions/b4dd4d5d60a6ab86","status":"FINALIZED","config":{"rewrites":[{"glob":"**","path":"/index.html"}]},"labels":{"deployment-tool":"cli-firebase"},"createTime":"2022-10-26T17:23:04.144924Z","createUser":{"email":"smzubayer9004@gmail.com","imageUrl":"https://lh3.googleusercontent.com/a/ALm5wu1_yRGovSGYSc56zpCNatf7BPCTaapHaqSGkk5p=mo"},"finalizeTime":"2022-10-26T17:23:12.301633Z","finalizeUser":{"email":"smzubayer9004@gmail.com","imageUrl":"https://lh3.googleusercontent.com/a/ALm5wu1_yRGovSGYSc56zpCNatf7BPCTaapHaqSGkk5p=mo"}},"type":"DEPLOY","releaseTime":"2022-10-26T17:23:12.857773736Z","releaseUser":{"email":"smzubayer9004@gmail.com","imageUrl":"https://lh3.googleusercontent.com/a/ALm5wu1_yRGovSGYSc56zpCNatf7BPCTaapHaqSGkk5p=mo"}}
[info] +  hosting[study-zone-platform]: release complete 
[info] 
[info] +  Deploy complete! 
[info] 
[info] Project Console: https://console.firebase.google.com/project/study-zone-platform/overview
[info] Hosting URL: https://study-zone-platform.web.app
[debug] [2022-10-26T17:23:18.990Z] Error: Timed out.
    at Timeout._onTimeout (C:\Users\AC\AppData\Roaming\npm\node_modules\firebase-tools\lib\utils.js:253:49)
    at listOnTimeout (node:internal/timers:559:17)
    at processTimers (node:internal/timers:502:7)
[error] 
[error] Error: An unexpected error has occurred.
